

> ui@ build /Users/RF/VPM25/packages/ui
> tsc -p tsconfig.json

[96m../../core/context/LocaleContext.tsx[0m:[93m12[0m:[93m8[0m - [91merror[0m[90m TS7016: [0mCould not find a declaration file for module 'react'. '/Users/RF/VPM25/node_modules/.pnpm/react@19.1.1/node_modules/react/index.js' implicitly has an 'any' type.
  If the 'react' package actually exposes this module, consider sending a pull request to amend 'https://github.com/DefinitelyTyped/DefinitelyTyped/tree/master/types/react'

[7m12[0m } from "react";
[7m  [0m [91m       ~~~~~~~[0m

[96m../../core/context/LocaleContext.tsx[0m:[93m18[0m:[93m8[0m - [91merror[0m[90m TS6059: [0mFile '/Users/RF/VPM25/core/locale/locales.ts' is not under 'rootDir' '/Users/RF/VPM25/packages/ui/src'. 'rootDir' is expected to contain all source files.

[7m18[0m } from "@core/locale/locales";
[7m  [0m [91m       ~~~~~~~~~~~~~~~~~~~~~~[0m

[96m../../core/context/LocaleContext.tsx[0m:[93m73[0m:[93m31[0m - [91merror[0m[90m TS7006: [0mParameter 'ev' implicitly has an 'any' type.

[7m73[0m       bc.current.onmessage = (ev) => {
[7m  [0m [91m                              ~~[0m

[96m../../core/context/LocaleContext.tsx[0m:[93m136[0m:[93m10[0m - [91merror[0m[90m TS7016: [0mCould not find a declaration file for module 'react/jsx-runtime'. '/Users/RF/VPM25/node_modules/.pnpm/react@19.1.1/node_modules/react/jsx-runtime.js' implicitly has an 'any' type.
  If the 'react' package actually exposes this module, consider sending a pull request to amend 'https://github.com/DefinitelyTyped/DefinitelyTyped/tree/master/types/react'

[7m136[0m   return <Ctx.Provider value={value}>{children}</Ctx.Provider>;
[7m   [0m [91m         ~~~~~~~~~~~~~~~~~~~~~~~~~~~~~~~~~~~~~~~~~~~~~~~~~~~~~[0m

[96m../../features/common/components/UniversalSearchBar.tsx[0m:[93m1[0m:[93m26[0m - [91merror[0m[90m TS7016: [0mCould not find a declaration file for module 'react'. '/Users/RF/VPM25/node_modules/.pnpm/react@19.1.1/node_modules/react/index.js' implicitly has an 'any' type.
  If the 'react' package actually exposes this module, consider sending a pull request to amend 'https://github.com/DefinitelyTyped/DefinitelyTyped/tree/master/types/react'

[7m1[0m import { useState } from "react";
[7m [0m [91m                         ~~~~~~~[0m

[96m../../features/common/components/UniversalSearchBar.tsx[0m:[93m50[0m:[93m5[0m - [91merror[0m[90m TS7016: [0mCould not find a declaration file for module 'react/jsx-runtime'. '/Users/RF/VPM25/node_modules/.pnpm/react@19.1.1/node_modules/react/jsx-runtime.js' implicitly has an 'any' type.
  If the 'react' package actually exposes this module, consider sending a pull request to amend 'https://github.com/DefinitelyTyped/DefinitelyTyped/tree/master/types/react'

[7m 50[0m     <div className="relative w-full max-w-xl">
[7m   [0m [91m    ~~~~~~~~~~~~~~~~~~~~~~~~~~~~~~~~~~~~~~~~~~[0m
[7m 51[0m       <input
[7m   [0m [91m~~~~~~~~~~~~[0m
[7m...[0m 
[7m117[0m       )}
[7m   [0m [91m~~~~~~~~[0m
[7m118[0m     </div>
[7m   [0m [91m~~~~~~~~~~[0m

[96m../../features/common/components/UniversalSearchBar.tsx[0m:[93m64[0m:[93m36[0m - [91merror[0m[90m TS7006: [0mParameter 's' implicitly has an 'any' type.

[7m64[0m               {results.streams.map(s => (
[7m  [0m [91m                                   ~[0m

[96m../../features/common/components/UniversalSearchBar.tsx[0m:[93m73[0m:[93m36[0m - [91merror[0m[90m TS7006: [0mParameter 'r' implicitly has an 'any' type.

[7m73[0m               {results.reports.map(r => (
[7m  [0m [91m                                   ~[0m

[96m../../features/common/components/UniversalSearchBar.tsx[0m:[93m82[0m:[93m39[0m - [91merror[0m[90m TS7006: [0mParameter 'st' implicitly has an 'any' type.

[7m82[0m               {results.statements.map(st => (
[7m  [0m [91m                                      ~~[0m

[96m../../features/common/components/UniversalSearchBar.tsx[0m:[93m91[0m:[93m33[0m - [91merror[0m[90m TS7006: [0mParameter 'news' implicitly has an 'any' type.

[7m91[0m               {results.news.map(news => (
[7m  [0m [91m                                ~~~~[0m

[96m../../features/user/context/UserContext.tsx[0m:[93m9[0m:[93m8[0m - [91merror[0m[90m TS7016: [0mCould not find a declaration file for module 'react'. '/Users/RF/VPM25/node_modules/.pnpm/react@19.1.1/node_modules/react/index.js' implicitly has an 'any' type.
  If the 'react' package actually exposes this module, consider sending a pull request to amend 'https://github.com/DefinitelyTyped/DefinitelyTyped/tree/master/types/react'

[7m9[0m } from "react";
[7m [0m [91m       ~~~~~~~[0m

[96m../../features/user/context/UserContext.tsx[0m:[93m65[0m:[93m19[0m - [91merror[0m[90m TS7006: [0mParameter 'prev' implicitly has an 'any' type.

[7m65[0m     setLocalUser((prev) => (prev ? { ...prev, ...fields } : prev));
[7m  [0m [91m                  ~~~~[0m

[96m../../features/user/context/UserContext.tsx[0m:[93m77[0m:[93m10[0m - [91merror[0m[90m TS7016: [0mCould not find a declaration file for module 'react/jsx-runtime'. '/Users/RF/VPM25/node_modules/.pnpm/react@19.1.1/node_modules/react/jsx-runtime.js' implicitly has an 'any' type.
  If the 'react' package actually exposes this module, consider sending a pull request to amend 'https://github.com/DefinitelyTyped/DefinitelyTyped/tree/master/types/react'

[7m77[0m   return <UserContext.Provider value={value}>{children}</UserContext.Provider>;
[7m  [0m [91m         ~~~~~~~~~~~~~~~~~~~~~~~~~~~~~~~~~~~~~~~~~~~~~~~~~~~~~~~~~~~~~~~~~~~~~[0m

[96msrc/design/Badge.tsx[0m:[93m2[0m:[93m19[0m - [91merror[0m[90m TS7016: [0mCould not find a declaration file for module 'react'. '/Users/RF/VPM25/node_modules/.pnpm/react@19.1.1/node_modules/react/index.js' implicitly has an 'any' type.
  If the 'react' package actually exposes this module, consider sending a pull request to amend 'https://github.com/DefinitelyTyped/DefinitelyTyped/tree/master/types/react'

[7m2[0m import React from "react";
[7m [0m [91m                  ~~~~~~~[0m

[96msrc/design/Badge.tsx[0m:[93m19[0m:[93m5[0m - [91merror[0m[90m TS7026: [0mJSX element implicitly has type 'any' because no interface 'JSX.IntrinsicElements' exists.

[7m19[0m     <span
[7m  [0m [91m    ~~~~~[0m
[7m20[0m       className={`px-3 py-1 rounded-full text-xs font-semibold shadow inline-block select-none ${className}`}
[7m  [0m [91m~~~~~~~~~~~~~~~~~~~~~~~~~~~~~~~~~~~~~~~~~~~~~~~~~~~~~~~~~~~~~~~~~~~~~~~~~~~~~~~~~~~~~~~~~~~~~~~~~~~~~~~~~~~~~[0m
[7m21[0m       style={{ backgroundColor: bg, color: "#fff" }}
[7m  [0m [91m~~~~~~~~~~~~~~~~~~~~~~~~~~~~~~~~~~~~~~~~~~~~~~~~~~~~[0m
[7m22[0m     >
[7m  [0m [91m~~~~~[0m

[96msrc/design/Badge.tsx[0m:[93m19[0m:[93m5[0m - [91merror[0m[90m TS7016: [0mCould not find a declaration file for module 'react/jsx-runtime'. '/Users/RF/VPM25/node_modules/.pnpm/react@19.1.1/node_modules/react/jsx-runtime.js' implicitly has an 'any' type.
  If the 'react' package actually exposes this module, consider sending a pull request to amend 'https://github.com/DefinitelyTyped/DefinitelyTyped/tree/master/types/react'

[7m 19[0m     <span
[7m   [0m [91m    ~~~~~[0m
[7m 20[0m       className={`px-3 py-1 rounded-full text-xs font-semibold shadow inline-block select-none ${className}`}
[7m   [0m [91m~~~~~~~~~~~~~~~~~~~~~~~~~~~~~~~~~~~~~~~~~~~~~~~~~~~~~~~~~~~~~~~~~~~~~~~~~~~~~~~~~~~~~~~~~~~~~~~~~~~~~~~~~~~~~[0m
[7m...[0m 
[7m 23[0m       {text}
[7m   [0m [91m~~~~~~~~~~~~[0m
[7m 24[0m     </span>
[7m   [0m [91m~~~~~~~~~~~[0m

[96msrc/design/Badge.tsx[0m:[93m24[0m:[93m5[0m - [91merror[0m[90m TS7026: [0mJSX element implicitly has type 'any' because no interface 'JSX.IntrinsicElements' exists.

[7m24[0m     </span>
[7m  [0m [91m    ~~~~~~~[0m

[96msrc/design/Button.tsx[0m:[93m2[0m:[93m19[0m - [91merror[0m[90m TS7016: [0mCould not find a declaration file for module 'react'. '/Users/RF/VPM25/node_modules/.pnpm/react@19.1.1/node_modules/react/index.js' implicitly has an 'any' type.
  If the 'react' package actually exposes this module, consider sending a pull request to amend 'https://github.com/DefinitelyTyped/DefinitelyTyped/tree/master/types/react'

[7m2[0m import React from "react";
[7m [0m [91m                  ~~~~~~~[0m

[96msrc/design/Button.tsx[0m:[93m30[0m:[93m5[0m - [91merror[0m[90m TS7026: [0mJSX element implicitly has type 'any' because no interface 'JSX.IntrinsicElements' exists.

[7m 30[0m     <button
[7m   [0m [91m    ~~~~~~~[0m
[7m 31[0m       className={`${base} ${variants[variant]} ${width} ${className}`}
[7m   [0m [91m~~~~~~~~~~~~~~~~~~~~~~~~~~~~~~~~~~~~~~~~~~~~~~~~~~~~~~~~~~~~~~~~~~~~~~[0m
[7m...[0m 
[7m 33[0m       {...props}
[7m   [0m [91m~~~~~~~~~~~~~~~~[0m
[7m 34[0m     >
[7m   [0m [91m~~~~~[0m

[96msrc/design/Button.tsx[0m:[93m30[0m:[93m5[0m - [91merror[0m[90m TS7016: [0mCould not find a declaration file for module 'react/jsx-runtime'. '/Users/RF/VPM25/node_modules/.pnpm/react@19.1.1/node_modules/react/jsx-runtime.js' implicitly has an 'any' type.
  If the 'react' package actually exposes this module, consider sending a pull request to amend 'https://github.com/DefinitelyTyped/DefinitelyTyped/tree/master/types/react'

[7m 30[0m     <button
[7m   [0m [91m    ~~~~~~~[0m
[7m 31[0m       className={`${base} ${variants[variant]} ${width} ${className}`}
[7m   [0m [91m~~~~~~~~~~~~~~~~~~~~~~~~~~~~~~~~~~~~~~~~~~~~~~~~~~~~~~~~~~~~~~~~~~~~~~[0m
[7m...[0m 
[7m 37[0m       {children}
[7m   [0m [91m~~~~~~~~~~~~~~~~[0m
[7m 38[0m     </button>
[7m   [0m [91m~~~~~~~~~~~~~[0m

[96msrc/design/Button.tsx[0m:[93m31[0m:[93m29[0m - [91merror[0m[90m TS7053: [0mElement implicitly has an 'any' type because expression of type 'any' can't be used to index type '{ primary: string; secondary: string; ghost: string; danger: string; }'.

[7m31[0m       className={`${base} ${variants[variant]} ${width} ${className}`}
[7m  [0m [91m                            ~~~~~~~~~~~~~~~~~[0m

[96msrc/design/Button.tsx[0m:[93m35[0m:[93m21[0m - [91merror[0m[90m TS7026: [0mJSX element implicitly has type 'any' because no interface 'JSX.IntrinsicElements' exists.

[7m35[0m       {isLoading && <span className="loader mr-2" />}
[7m  [0m [91m                    ~~~~~~~~~~~~~~~~~~~~~~~~~~~~~~~~[0m

[96msrc/design/Button.tsx[0m:[93m36[0m:[93m16[0m - [91merror[0m[90m TS7026: [0mJSX element implicitly has type 'any' because no interface 'JSX.IntrinsicElements' exists.

[7m36[0m       {icon && <span className="text-base">{icon}</span>}
[7m  [0m [91m               ~~~~~~~~~~~~~~~~~~~~~~~~~~~~[0m

[96msrc/design/Button.tsx[0m:[93m36[0m:[93m50[0m - [91merror[0m[90m TS7026: [0mJSX element implicitly has type 'any' because no interface 'JSX.IntrinsicElements' exists.

[7m36[0m       {icon && <span className="text-base">{icon}</span>}
[7m  [0m [91m                                                 ~~~~~~~[0m

[96msrc/design/Button.tsx[0m:[93m38[0m:[93m5[0m - [91merror[0m[90m TS7026: [0mJSX element implicitly has type 'any' because no interface 'JSX.IntrinsicElements' exists.

[7m38[0m     </button>
[7m  [0m [91m    ~~~~~~~~~[0m

[96msrc/design/LoadingOverlay.tsx[0m:[93m11[0m:[93m5[0m - [91merror[0m[90m TS7016: [0mCould not find a declaration file for module 'react/jsx-runtime'. '/Users/RF/VPM25/node_modules/.pnpm/react@19.1.1/node_modules/react/jsx-runtime.js' implicitly has an 'any' type.
  If the 'react' package actually exposes this module, consider sending a pull request to amend 'https://github.com/DefinitelyTyped/DefinitelyTyped/tree/master/types/react'

[7m11[0m     <div className="fixed inset-0 z-50 bg-white/80 backdrop-blur-sm flex items-center justify-center">
[7m  [0m [91m    ~~~~~~~~~~~~~~~~~~~~~~~~~~~~~~~~~~~~~~~~~~~~~~~~~~~~~~~~~~~~~~~~~~~~~~~~~~~~~~~~~~~~~~~~~~~~~~~~~~[0m
[7m12[0m       <Spinner size={40} text={text} />
[7m  [0m [91m~~~~~~~~~~~~~~~~~~~~~~~~~~~~~~~~~~~~~~~[0m
[7m13[0m     </div>
[7m  [0m [91m~~~~~~~~~~[0m

[96msrc/design/LoadingOverlay.tsx[0m:[93m12[0m:[93m16[0m - [91merror[0m[90m TS2322: [0mType '{ size: number; text: string; }' is not assignable to type 'IntrinsicAttributes'.
  Property 'size' does not exist on type 'IntrinsicAttributes'.

[7m12[0m       <Spinner size={40} text={text} />
[7m  [0m [91m               ~~~~[0m

[96msrc/design/Modal.tsx[0m:[93m2[0m:[93m27[0m - [91merror[0m[90m TS7016: [0mCould not find a declaration file for module 'react'. '/Users/RF/VPM25/node_modules/.pnpm/react@19.1.1/node_modules/react/index.js' implicitly has an 'any' type.
  If the 'react' package actually exposes this module, consider sending a pull request to amend 'https://github.com/DefinitelyTyped/DefinitelyTyped/tree/master/types/react'

[7m2[0m import { useEffect } from "react";
[7m [0m [91m                          ~~~~~~~[0m

[96msrc/design/Modal.tsx[0m:[93m36[0m:[93m5[0m - [91merror[0m[90m TS7016: [0mCould not find a declaration file for module 'react/jsx-runtime'. '/Users/RF/VPM25/node_modules/.pnpm/react@19.1.1/node_modules/react/jsx-runtime.js' implicitly has an 'any' type.
  If the 'react' package actually exposes this module, consider sending a pull request to amend 'https://github.com/DefinitelyTyped/DefinitelyTyped/tree/master/types/react'

[7m 36[0m     <div className="fixed inset-0 bg-black/60 backdrop-blur-sm z-50 flex items-center justify-center">
[7m   [0m [91m    ~~~~~~~~~~~~~~~~~~~~~~~~~~~~~~~~~~~~~~~~~~~~~~~~~~~~~~~~~~~~~~~~~~~~~~~~~~~~~~~~~~~~~~~~~~~~~~~~~~[0m
[7m 37[0m       <div className="bg-white rounded-xl shadow-xl w-full max-w-2xl relative overflow-hidden">
[7m   [0m [91m~~~~~~~~~~~~~~~~~~~~~~~~~~~~~~~~~~~~~~~~~~~~~~~~~~~~~~~~~~~~~~~~~~~~~~~~~~~~~~~~~~~~~~~~~~~~~~~[0m
[7m...[0m 
[7m 49[0m       </div>
[7m   [0m [91m~~~~~~~~~~~~[0m
[7m 50[0m     </div>
[7m   [0m [91m~~~~~~~~~~[0m

[96msrc/design/ModalConfirm.tsx[0m:[93m22[0m:[93m5[0m - [91merror[0m[90m TS7016: [0mCould not find a declaration file for module 'react/jsx-runtime'. '/Users/RF/VPM25/node_modules/.pnpm/react@19.1.1/node_modules/react/jsx-runtime.js' implicitly has an 'any' type.
  If the 'react' package actually exposes this module, consider sending a pull request to amend 'https://github.com/DefinitelyTyped/DefinitelyTyped/tree/master/types/react'

[7m 22[0m     <Modal title={title} onClose={onCancel}>
[7m   [0m [91m    ~~~~~~~~~~~~~~~~~~~~~~~~~~~~~~~~~~~~~~~~[0m
[7m 23[0m       <p className="text-sm text-gray-600 mb-4">{message}</p>
[7m   [0m [91m~~~~~~~~~~~~~~~~~~~~~~~~~~~~~~~~~~~~~~~~~~~~~~~~~~~~~~~~~~~~~[0m
[7m...[0m 
[7m 27[0m       </div>
[7m   [0m [91m~~~~~~~~~~~~[0m
[7m 28[0m     </Modal>
[7m   [0m [91m~~~~~~~~~~~~[0m

[96msrc/design/ModalConfirm.tsx[0m:[93m22[0m:[93m6[0m - [91merror[0m[90m TS2741: [0mProperty 'isOpen' is missing in type '{ children: Element[]; title: string; onClose: () => void; }' but required in type 'ModalProps'.

[7m22[0m     <Modal title={title} onClose={onCancel}>
[7m  [0m [91m     ~~~~~[0m

  [96msrc/design/Modal.tsx[0m:[93m6[0m:[93m3[0m
    [7m6[0m   isOpen: boolean;
    [7m [0m [96m  ~~~~~~[0m
    'isOpen' is declared here.

[96msrc/design/Spinner.tsx[0m:[93m5[0m:[93m5[0m - [91merror[0m[90m TS7016: [0mCould not find a declaration file for module 'react/jsx-runtime'. '/Users/RF/VPM25/node_modules/.pnpm/react@19.1.1/node_modules/react/jsx-runtime.js' implicitly has an 'any' type.
  If the 'react' package actually exposes this module, consider sending a pull request to amend 'https://github.com/DefinitelyTyped/DefinitelyTyped/tree/master/types/react'

[7m5[0m     <div className="flex justify-center items-center py-6">
[7m [0m [91m    ~~~~~~~~~~~~~~~~~~~~~~~~~~~~~~~~~~~~~~~~~~~~~~~~~~~~~~~[0m
[7m6[0m       <div className="animate-spin rounded-full h-8 w-8 border-4 border-coral border-t-transparent" />
[7m [0m [91m~~~~~~~~~~~~~~~~~~~~~~~~~~~~~~~~~~~~~~~~~~~~~~~~~~~~~~~~~~~~~~~~~~~~~~~~~~~~~~~~~~~~~~~~~~~~~~~~~~~~~~[0m
[7m7[0m     </div>
[7m [0m [91m~~~~~~~~~~[0m

[96msrc/design/Toast.tsx[0m:[93m3[0m:[93m37[0m - [91merror[0m[90m TS7016: [0mCould not find a declaration file for module 'react'. '/Users/RF/VPM25/node_modules/.pnpm/react@19.1.1/node_modules/react/index.js' implicitly has an 'any' type.
  If the 'react' package actually exposes this module, consider sending a pull request to amend 'https://github.com/DefinitelyTyped/DefinitelyTyped/tree/master/types/react'

[7m3[0m import { useEffect, useState } from "react";
[7m [0m [91m                                    ~~~~~~~[0m

[96msrc/design/Toast.tsx[0m:[93m28[0m:[93m5[0m - [91merror[0m[90m TS7016: [0mCould not find a declaration file for module 'react/jsx-runtime'. '/Users/RF/VPM25/node_modules/.pnpm/react@19.1.1/node_modules/react/jsx-runtime.js' implicitly has an 'any' type.
  If the 'react' package actually exposes this module, consider sending a pull request to amend 'https://github.com/DefinitelyTyped/DefinitelyTyped/tree/master/types/react'

[7m28[0m     <div className={`fixed top-4 right-4 px-4 py-2 rounded shadow ${bg} z-50`}>
[7m  [0m [91m    ~~~~~~~~~~~~~~~~~~~~~~~~~~~~~~~~~~~~~~~~~~~~~~~~~~~~~~~~~~~~~~~~~~~~~~~~~~~[0m
[7m29[0m       {message}
[7m  [0m [91m~~~~~~~~~~~~~~~[0m
[7m30[0m     </div>
[7m  [0m [91m~~~~~~~~~~[0m

[96msrc/index.tsx[0m:[93m10[0m:[93m29[0m - [91merror[0m[90m TS2307: [0mCannot find module './design/badgeColors' or its corresponding type declarations.

[7m10[0m export { badgeColors } from "./design/badgeColors";
[7m  [0m [91m                            ~~~~~~~~~~~~~~~~~~~~~~[0m

[96msrc/layout/Footer.tsx[0m:[93m35[0m:[93m9[0m - [91merror[0m[90m TS2367: [0mThis comparison appears to be unintentional because the types '"guest" | "user" | "verified" | "editor"' and '"member"' have no overlap.

[7m35[0m       : role === "member"
[7m  [0m [91m        ~~~~~~~~~~~~~~~~~[0m

[96msrc/layout/Footer.tsx[0m:[93m42[0m:[93m5[0m - [91merror[0m[90m TS7016: [0mCould not find a declaration file for module 'react/jsx-runtime'. '/Users/RF/VPM25/node_modules/.pnpm/react@19.1.1/node_modules/react/jsx-runtime.js' implicitly has an 'any' type.
  If the 'react' package actually exposes this module, consider sending a pull request to amend 'https://github.com/DefinitelyTyped/DefinitelyTyped/tree/master/types/react'

[7m 42[0m     <footer className="w-full border-t border-neutral-200 bg-gray-50 text-sm text-neutral-700">
[7m   [0m [91m    ~~~~~~~~~~~~~~~~~~~~~~~~~~~~~~~~~~~~~~~~~~~~~~~~~~~~~~~~~~~~~~~~~~~~~~~~~~~~~~~~~~~~~~~~~~~[0m
[7m 43[0m       <div className="mx-auto max-w-7xl px-4 py-8 flex flex-col gap-6">
[7m   [0m [91m~~~~~~~~~~~~~~~~~~~~~~~~~~~~~~~~~~~~~~~~~~~~~~~~~~~~~~~~~~~~~~~~~~~~~~~[0m
[7m...[0m 
[7m 89[0m       </div>
[7m   [0m [91m~~~~~~~~~~~~[0m
[7m 90[0m     </footer>
[7m   [0m [91m~~~~~~~~~~~~~[0m

[96msrc/layout/Header.tsx[0m:[93m3[0m:[93m45[0m - [91merror[0m[90m TS7016: [0mCould not find a declaration file for module 'react'. '/Users/RF/VPM25/node_modules/.pnpm/react@19.1.1/node_modules/react/index.js' implicitly has an 'any' type.
  If the 'react' package actually exposes this module, consider sending a pull request to amend 'https://github.com/DefinitelyTyped/DefinitelyTyped/tree/master/types/react'

[7m3[0m import { useState, useRef, useEffect } from "react";
[7m [0m [91m                                            ~~~~~~~[0m

[96msrc/layout/Header.tsx[0m:[93m5[0m:[93m25[0m - [91merror[0m[90m TS6059: [0mFile '/Users/RF/VPM25/features/user/context/UserContext.tsx' is not under 'rootDir' '/Users/RF/VPM25/packages/ui/src'. 'rootDir' is expected to contain all source files.
  The file is in the program because:
    Imported via "@features/user/context/UserContext" from file '/Users/RF/VPM25/packages/ui/src/layout/Header.tsx'
    Imported via "@features/user/context/UserContext" from file '/Users/RF/VPM25/packages/ui/src/layout/Footer.tsx'

[7m5[0m import { useUser } from "@features/user/context/UserContext";
[7m [0m [91m                        ~~~~~~~~~~~~~~~~~~~~~~~~~~~~~~~~~~~~[0m

  [96msrc/layout/Footer.tsx[0m:[93m5[0m:[93m25[0m
    [7m5[0m import { useUser } from "@features/user/context/UserContext";
    [7m [0m [96m                        ~~~~~~~~~~~~~~~~~~~~~~~~~~~~~~~~~~~~[0m
    File is included via import here.

[96msrc/layout/Header.tsx[0m:[93m6[0m:[93m27[0m - [91merror[0m[90m TS6059: [0mFile '/Users/RF/VPM25/core/context/LocaleContext.tsx' is not under 'rootDir' '/Users/RF/VPM25/packages/ui/src'. 'rootDir' is expected to contain all source files.
  The file is in the program because:
    Imported via "@core/context/LocaleContext" from file '/Users/RF/VPM25/packages/ui/src/layout/Header.tsx'
    Imported via "@core/context/LocaleContext" from file '/Users/RF/VPM25/packages/ui/src/layout/Footer.tsx'

[7m6[0m import { useLocale } from "@core/context/LocaleContext";
[7m [0m [91m                          ~~~~~~~~~~~~~~~~~~~~~~~~~~~~~[0m

  [96msrc/layout/Footer.tsx[0m:[93m6[0m:[93m27[0m
    [7m6[0m import { useLocale } from "@core/context/LocaleContext";
    [7m [0m [96m                          ~~~~~~~~~~~~~~~~~~~~~~~~~~~~~[0m
    File is included via import here.

[96msrc/layout/Header.tsx[0m:[93m7[0m:[93m35[0m - [91merror[0m[90m TS6059: [0mFile '/Users/RF/VPM25/features/stream/utils/nationalFlag.ts' is not under 'rootDir' '/Users/RF/VPM25/packages/ui/src'. 'rootDir' is expected to contain all source files.

[7m7[0m import { getSupportedFlags } from "@features/stream/utils/nationalFlag";
[7m [0m [91m                                  ~~~~~~~~~~~~~~~~~~~~~~~~~~~~~~~~~~~~~[0m

[96msrc/layout/Header.tsx[0m:[93m8[0m:[93m32[0m - [91merror[0m[90m TS6059: [0mFile '/Users/RF/VPM25/features/common/components/UniversalSearchBar.tsx' is not under 'rootDir' '/Users/RF/VPM25/packages/ui/src'. 'rootDir' is expected to contain all source files.

[7m8[0m import UniversalSearchBar from "@features/common/components/UniversalSearchBar";
[7m [0m [91m                               ~~~~~~~~~~~~~~~~~~~~~~~~~~~~~~~~~~~~~~~~~~~~~~~~[0m

[96msrc/layout/Header.tsx[0m:[93m67[0m:[93m5[0m - [91merror[0m[90m TS7016: [0mCould not find a declaration file for module 'react/jsx-runtime'. '/Users/RF/VPM25/node_modules/.pnpm/react@19.1.1/node_modules/react/jsx-runtime.js' implicitly has an 'any' type.
  If the 'react' package actually exposes this module, consider sending a pull request to amend 'https://github.com/DefinitelyTyped/DefinitelyTyped/tree/master/types/react'

[7m67[0m     <>
[7m  [0m [91m    ~~[0m

[96msrc/layout/Header.tsx[0m:[93m101[0m:[93m46[0m - [91merror[0m[90m TS7006: [0mParameter 'o' implicitly has an 'any' type.

[7m101[0m               onClick={() => setDropdownOpen(o => !o)}
[7m   [0m [91m                                             ~[0m

[96msrc/layout/Header.tsx[0m:[93m114[0m:[93m33[0m - [91merror[0m[90m TS2345: [0mArgument of type 'string' is not assignable to parameter of type '"de" | "en"'.

[7m114[0m                       setLocale(l.code);
[7m   [0m [91m                                ~~~~~~[0m


Found 45 errors in 13 files.

Errors  Files
     4  ../../core/context/LocaleContext.tsx[90m:12[0m
     6  ../../features/common/components/UniversalSearchBar.tsx[90m:1[0m
     3  ../../features/user/context/UserContext.tsx[90m:9[0m
     4  src/design/Badge.tsx[90m:2[0m
     8  src/design/Button.tsx[90m:2[0m
     2  src/design/LoadingOverlay.tsx[90m:11[0m
     2  src/design/Modal.tsx[90m:2[0m
     2  src/design/ModalConfirm.tsx[90m:22[0m
     1  src/design/Spinner.tsx[90m:5[0m
     2  src/design/Toast.tsx[90m:3[0m
     1  src/index.tsx[90m:10[0m
     2  src/layout/Footer.tsx[90m:35[0m
     8  src/layout/Header.tsx[90m:3[0m
[41m[30mâ€‰ELIFECYCLEâ€‰[39m[49m [31mCommand failed with exit code 2.[39m
